2024-06-25 22:06:442 INFO  StartPage :30 - Clicking on AcceptCookies : [[ChromeDriver: chrome on windows (d60d7da3f12d339935bea735800e9f35)] -> xpath: //button[normalize-space()='Accept additional cookies']]
2024-06-25 22:06:548 INFO  StartPage :35 - Mouse hovering on hide this message text : [[ChromeDriver: chrome on windows (d60d7da3f12d339935bea735800e9f35)] -> xpath: //button[@class='gem-c-cookie-banner__hide-button govuk-button']]
2024-06-25 22:06:748 INFO  StartPage :40 - Clicking on Start button : [[ChromeDriver: chrome on windows (d60d7da3f12d339935bea735800e9f35)] -> xpath: //a[@class='gem-c-button govuk-button govuk-button--start']]
2024-06-25 22:06:603 INFO  StartPage :30 - Clicking on AcceptCookies : [[ChromeDriver: chrome on windows (8409f3ce09bb38cd93bbe61e27d6c8ae)] -> xpath: //button[normalize-space()='Accept additional cookies']]
2024-06-25 22:06:695 INFO  StartPage :35 - Mouse hovering on hide this message text : [[ChromeDriver: chrome on windows (8409f3ce09bb38cd93bbe61e27d6c8ae)] -> xpath: //button[@class='gem-c-cookie-banner__hide-button govuk-button']]
2024-06-25 22:06:891 INFO  StartPage :40 - Clicking on Start button : [[ChromeDriver: chrome on windows (8409f3ce09bb38cd93bbe61e27d6c8ae)] -> xpath: //a[@class='gem-c-button govuk-button govuk-button--start']]
2024-06-25 22:06:345 INFO  SelectNationalityPage :25 - Click on '[[ChromeDriver: chrome on windows (8409f3ce09bb38cd93bbe61e27d6c8ae)] -> id: response]' tab
2024-06-25 22:06:530 INFO  SelectNationalityPage :30 - Click on '[[ChromeDriver: chrome on windows (8409f3ce09bb38cd93bbe61e27d6c8ae)] -> xpath: //button[normalize-space()='Continue']]' tab
2024-06-25 22:06:708 INFO  ReasonForTravelPage :33 - Click on '[[ChromeDriver: chrome on windows (8409f3ce09bb38cd93bbe61e27d6c8ae)] -> id: response-0]' tab
2024-06-25 22:06:921 INFO  ReasonForTravelPage :43 - Click on '[[ChromeDriver: chrome on windows (8409f3ce09bb38cd93bbe61e27d6c8ae)] -> xpath: //button[normalize-space()='Continue']]' tab
2024-06-25 22:06:928 INFO  ResultPage :26 - Checking text is Displayed
2024-06-25 22:06:512 INFO  StartPage :30 - Clicking on AcceptCookies : [[ChromeDriver: chrome on windows (0c55ef063575fdb263faed4e6db0d7a4)] -> xpath: //button[normalize-space()='Accept additional cookies']]
2024-06-25 22:06:613 INFO  StartPage :35 - Mouse hovering on hide this message text : [[ChromeDriver: chrome on windows (0c55ef063575fdb263faed4e6db0d7a4)] -> xpath: //button[@class='gem-c-cookie-banner__hide-button govuk-button']]
2024-06-25 22:06:784 INFO  StartPage :40 - Clicking on Start button : [[ChromeDriver: chrome on windows (0c55ef063575fdb263faed4e6db0d7a4)] -> xpath: //a[@class='gem-c-button govuk-button govuk-button--start']]
2024-06-25 22:06:170 INFO  SelectNationalityPage :25 - Click on '[[ChromeDriver: chrome on windows (0c55ef063575fdb263faed4e6db0d7a4)] -> id: response]' tab
2024-06-25 22:06:360 INFO  SelectNationalityPage :30 - Click on '[[ChromeDriver: chrome on windows (0c55ef063575fdb263faed4e6db0d7a4)] -> xpath: //button[normalize-space()='Continue']]' tab
2024-06-25 22:06:520 INFO  ReasonForTravelPage :48 - Click on '[[ChromeDriver: chrome on windows (0c55ef063575fdb263faed4e6db0d7a4)] -> id: response-1]' tab
2024-06-25 22:06:692 INFO  SelectNationalityPage :30 - Click on '[[ChromeDriver: chrome on windows (0c55ef063575fdb263faed4e6db0d7a4)] -> xpath: //button[normalize-space()='Continue']]' tab
2024-06-25 22:06:899 INFO  DurationOfStayPage :28 - Click on : longer than 6 monthsmore or less
2024-06-25 22:06:96 INFO  SelectNationalityPage :30 - Click on '[[ChromeDriver: chrome on windows (0c55ef063575fdb263faed4e6db0d7a4)] -> xpath: //button[normalize-space()='Continue']]' tab
2024-06-25 22:06:239 INFO  WorkTypePage :18 - Click on '[[ChromeDriver: chrome on windows (0c55ef063575fdb263faed4e6db0d7a4)] -> id: response-0]' tab
2024-06-25 22:06:455 INFO  SelectNationalityPage :30 - Click on '[[ChromeDriver: chrome on windows (0c55ef063575fdb263faed4e6db0d7a4)] -> xpath: //button[normalize-space()='Continue']]' tab
2024-06-25 22:06:459 INFO  ResultPage :31 - Checking text is Displayed
2024-12-17 21:12:343 INFO  StartPage :30 - Clicking on AcceptCookies : [[ChromeDriver: chrome on windows (50ab517c2985a241d281ef41cbe7e8c0)] -> xpath: //button[normalize-space()='Accept additional cookies']]
2024-12-17 21:12:867 INFO  StartPage :35 - Mouse hovering on hide this message text : [[ChromeDriver: chrome on windows (50ab517c2985a241d281ef41cbe7e8c0)] -> xpath: //button[@class='gem-c-cookie-banner__hide-button govuk-button']]
2024-12-17 21:12:990 INFO  StartPage :40 - Clicking on Start button : [[ChromeDriver: chrome on windows (50ab517c2985a241d281ef41cbe7e8c0)] -> xpath: //a[@class='gem-c-button govuk-button govuk-button--start']]
2024-12-17 21:12:358 INFO  StartPage :30 - Clicking on AcceptCookies : [[ChromeDriver: chrome on windows (3454347f4d6ab7ebcf38025ceb99e374)] -> xpath: //button[normalize-space()='Accept additional cookies']]
2024-12-17 21:12:818 INFO  StartPage :35 - Mouse hovering on hide this message text : [[ChromeDriver: chrome on windows (3454347f4d6ab7ebcf38025ceb99e374)] -> xpath: //button[@class='gem-c-cookie-banner__hide-button govuk-button']]
2024-12-17 21:12:710 INFO  StartPage :40 - Clicking on Start button : [[ChromeDriver: chrome on windows (3454347f4d6ab7ebcf38025ceb99e374)] -> xpath: //a[@class='gem-c-button govuk-button govuk-button--start']]
2024-12-17 21:12:883 INFO  SelectNationalityPage :25 - Click on '[[ChromeDriver: chrome on windows (3454347f4d6ab7ebcf38025ceb99e374)] -> id: response]' tab
2024-12-17 21:12:597 INFO  SelectNationalityPage :30 - Click on '[[ChromeDriver: chrome on windows (3454347f4d6ab7ebcf38025ceb99e374)] -> xpath: //button[normalize-space()='Continue']]' tab
2024-12-17 21:12:493 INFO  ReasonForTravelPage :33 - Click on '[[ChromeDriver: chrome on windows (3454347f4d6ab7ebcf38025ceb99e374)] -> id: response-0]' tab
2024-12-17 21:12:533 INFO  ReasonForTravelPage :43 - Click on '[[ChromeDriver: chrome on windows (3454347f4d6ab7ebcf38025ceb99e374)] -> xpath: //button[normalize-space()='Continue']]' tab
2024-12-17 21:12:555 INFO  ResultPage :26 - Checking text is Displayed
2024-12-17 21:12:81 INFO  StartPage :30 - Clicking on AcceptCookies : [[ChromeDriver: chrome on windows (a7805aa28167e54f721e047ffef6d998)] -> xpath: //button[normalize-space()='Accept additional cookies']]
2024-12-17 21:12:139 INFO  StartPage :35 - Mouse hovering on hide this message text : [[ChromeDriver: chrome on windows (a7805aa28167e54f721e047ffef6d998)] -> xpath: //button[@class='gem-c-cookie-banner__hide-button govuk-button']]
2024-12-17 21:12:674 INFO  StartPage :40 - Clicking on Start button : [[ChromeDriver: chrome on windows (a7805aa28167e54f721e047ffef6d998)] -> xpath: //a[@class='gem-c-button govuk-button govuk-button--start']]
2024-12-17 21:12:423 INFO  SelectNationalityPage :25 - Click on '[[ChromeDriver: chrome on windows (a7805aa28167e54f721e047ffef6d998)] -> id: response]' tab
2024-12-17 21:12:234 INFO  SelectNationalityPage :30 - Click on '[[ChromeDriver: chrome on windows (a7805aa28167e54f721e047ffef6d998)] -> xpath: //button[normalize-space()='Continue']]' tab
2024-12-17 21:12:837 INFO  ReasonForTravelPage :48 - Click on '[[ChromeDriver: chrome on windows (a7805aa28167e54f721e047ffef6d998)] -> id: response-1]' tab
2024-12-17 21:12:419 INFO  SelectNationalityPage :30 - Click on '[[ChromeDriver: chrome on windows (a7805aa28167e54f721e047ffef6d998)] -> xpath: //button[normalize-space()='Continue']]' tab
2024-12-17 21:12:48 INFO  DurationOfStayPage :28 - Click on : longer than 6 monthsmore or less
2024-12-17 21:12:848 INFO  SelectNationalityPage :30 - Click on '[[ChromeDriver: chrome on windows (a7805aa28167e54f721e047ffef6d998)] -> xpath: //button[normalize-space()='Continue']]' tab
2024-12-17 21:12:361 INFO  WorkTypePage :18 - Click on '[[ChromeDriver: chrome on windows (a7805aa28167e54f721e047ffef6d998)] -> id: response-0]' tab
2024-12-17 21:12:234 INFO  SelectNationalityPage :30 - Click on '[[ChromeDriver: chrome on windows (a7805aa28167e54f721e047ffef6d998)] -> xpath: //button[normalize-space()='Continue']]' tab
2024-12-17 21:12:294 INFO  ResultPage :31 - Checking text is Displayed
